1659412387.020979 client started (1839): version 3.3a, socket /tmp/tmux-197609/default, protocol 8
1659412387.021129 on MINGW64_NT-10.0-19044 3.3.3-341.x86_64 2022-01-17 11:45 UTC
1659412387.021169 using libevent 2.1.12-stable (poll); ncurses 6.3
1659412387.021227 flags are 0x10010000
1659412387.021260 socket is /tmp/tmux-197609/default
1659412387.022948 trying connect
1659412387.023914 add peer 0x80007b7f0: 6 (0x0)
1659412387.025399 sending message 100 to peer 0x80007b7f0 (4 bytes)
1659412387.025440 sending message 111 to peer 0x80007b7f0 (8 bytes)
1659412387.025474 sending message 101 to peer 0x80007b7f0 (16 bytes)
1659412387.025649 sending message 109 to peer 0x80007b7f0 (4 bytes)
1659412387.025671 sending message 102 to peer 0x80007b7f0 (10 bytes)
1659412387.025688 sending message 108 to peer 0x80007b7f0 (35 bytes)
1659412387.025703 sending message 112 to peer 0x80007b7f0 (70 bytes)
1659412387.025719 sending message 112 to peer 0x80007b7f0 (5 bytes)
1659412387.025734 sending message 112 to peer 0x80007b7f0 (5 bytes)
1659412387.025750 sending message 112 to peer 0x80007b7f0 (6 bytes)
1659412387.025765 sending message 112 to peer 0x80007b7f0 (6 bytes)
1659412387.025780 sending message 112 to peer 0x80007b7f0 (11 bytes)
1659412387.025795 sending message 112 to peer 0x80007b7f0 (10 bytes)
1659412387.025810 sending message 112 to peer 0x80007b7f0 (13 bytes)
1659412387.025826 sending message 112 to peer 0x80007b7f0 (13 bytes)
1659412387.025841 sending message 112 to peer 0x80007b7f0 (18 bytes)
1659412387.025856 sending message 112 to peer 0x80007b7f0 (11 bytes)
1659412387.025872 sending message 112 to peer 0x80007b7f0 (21 bytes)
1659412387.025887 sending message 112 to peer 0x80007b7f0 (13 bytes)
1659412387.025902 sending message 112 to peer 0x80007b7f0 (7 bytes)
1659412387.025917 sending message 112 to peer 0x80007b7f0 (13 bytes)
1659412387.025932 sending message 112 to peer 0x80007b7f0 (7 bytes)
1659412387.025947 sending message 112 to peer 0x80007b7f0 (13 bytes)
1659412387.025962 sending message 112 to peer 0x80007b7f0 (9 bytes)
1659412387.025978 sending message 112 to peer 0x80007b7f0 (21 bytes)
1659412387.025993 sending message 112 to peer 0x80007b7f0 (13 bytes)
1659412387.026008 sending message 112 to peer 0x80007b7f0 (8 bytes)
1659412387.026023 sending message 112 to peer 0x80007b7f0 (12 bytes)
1659412387.026038 sending message 112 to peer 0x80007b7f0 (13 bytes)
1659412387.026053 sending message 112 to peer 0x80007b7f0 (9 bytes)
1659412387.026068 sending message 112 to peer 0x80007b7f0 (9 bytes)
1659412387.026083 sending message 112 to peer 0x80007b7f0 (12 bytes)
1659412387.026098 sending message 112 to peer 0x80007b7f0 (8 bytes)
1659412387.026113 sending message 112 to peer 0x80007b7f0 (7 bytes)
1659412387.026129 sending message 112 to peer 0x80007b7f0 (7 bytes)
1659412387.026144 sending message 112 to peer 0x80007b7f0 (9 bytes)
1659412387.026159 sending message 112 to peer 0x80007b7f0 (13 bytes)
1659412387.026174 sending message 112 to peer 0x80007b7f0 (9 bytes)
1659412387.026189 sending message 112 to peer 0x80007b7f0 (15 bytes)
1659412387.026204 sending message 112 to peer 0x80007b7f0 (13 bytes)
1659412387.026219 sending message 112 to peer 0x80007b7f0 (12 bytes)
1659412387.026235 sending message 112 to peer 0x80007b7f0 (8 bytes)
1659412387.026250 sending message 112 to peer 0x80007b7f0 (14 bytes)
1659412387.026265 sending message 112 to peer 0x80007b7f0 (9 bytes)
1659412387.026280 sending message 112 to peer 0x80007b7f0 (10 bytes)
1659412387.026296 sending message 112 to peer 0x80007b7f0 (10 bytes)
1659412387.026311 sending message 112 to peer 0x80007b7f0 (10 bytes)
1659412387.026326 sending message 112 to peer 0x80007b7f0 (10 bytes)
1659412387.026341 sending message 112 to peer 0x80007b7f0 (11 bytes)
1659412387.026356 sending message 112 to peer 0x80007b7f0 (10 bytes)
1659412387.026371 sending message 112 to peer 0x80007b7f0 (8 bytes)
1659412387.026386 sending message 112 to peer 0x80007b7f0 (11 bytes)
1659412387.026401 sending message 112 to peer 0x80007b7f0 (11 bytes)
1659412387.026416 sending message 112 to peer 0x80007b7f0 (11 bytes)
1659412387.026468 sending message 112 to peer 0x80007b7f0 (8 bytes)
1659412387.026492 sending message 112 to peer 0x80007b7f0 (8 bytes)
1659412387.026508 sending message 112 to peer 0x80007b7f0 (8 bytes)
1659412387.026523 sending message 112 to peer 0x80007b7f0 (10 bytes)
1659412387.026538 sending message 112 to peer 0x80007b7f0 (10 bytes)
1659412387.026553 sending message 112 to peer 0x80007b7f0 (10 bytes)
1659412387.026568 sending message 112 to peer 0x80007b7f0 (10 bytes)
1659412387.026583 sending message 112 to peer 0x80007b7f0 (10 bytes)
1659412387.026598 sending message 112 to peer 0x80007b7f0 (11 bytes)
1659412387.026614 sending message 112 to peer 0x80007b7f0 (11 bytes)
1659412387.026629 sending message 112 to peer 0x80007b7f0 (10 bytes)
1659412387.026644 sending message 112 to peer 0x80007b7f0 (9 bytes)
1659412387.026660 sending message 112 to peer 0x80007b7f0 (9 bytes)
1659412387.026675 sending message 112 to peer 0x80007b7f0 (12 bytes)
1659412387.026690 sending message 112 to peer 0x80007b7f0 (9 bytes)
1659412387.026705 sending message 112 to peer 0x80007b7f0 (6 bytes)
1659412387.026721 sending message 112 to peer 0x80007b7f0 (13 bytes)
1659412387.026736 sending message 112 to peer 0x80007b7f0 (8 bytes)
1659412387.026751 sending message 112 to peer 0x80007b7f0 (15 bytes)
1659412387.026767 sending message 112 to peer 0x80007b7f0 (13 bytes)
1659412387.026782 sending message 112 to peer 0x80007b7f0 (70 bytes)
1659412387.026797 sending message 112 to peer 0x80007b7f0 (69 bytes)
1659412387.026812 sending message 112 to peer 0x80007b7f0 (10 bytes)
1659412387.026827 sending message 112 to peer 0x80007b7f0 (8 bytes)
1659412387.026842 sending message 112 to peer 0x80007b7f0 (15 bytes)
1659412387.026857 sending message 112 to peer 0x80007b7f0 (13 bytes)
1659412387.026872 sending message 112 to peer 0x80007b7f0 (10 bytes)
1659412387.026887 sending message 112 to peer 0x80007b7f0 (10 bytes)
1659412387.026902 sending message 112 to peer 0x80007b7f0 (5 bytes)
1659412387.026917 sending message 112 to peer 0x80007b7f0 (15 bytes)
1659412387.026941 sending message 104 to peer 0x80007b7f0 (0 bytes)
1659412387.026958 sending message 110 to peer 0x80007b7f0 (0 bytes)
1659412387.026974 sending message 107 to peer 0x80007b7f0 (4 bytes)
1659412387.026989 sending message 105 to peer 0x80007b7f0 (20 bytes)
1659412387.027004 sending message 105 to peer 0x80007b7f0 (14 bytes)
1659412387.027020 sending message 105 to peer 0x80007b7f0 (49 bytes)
1659412387.027035 sending message 105 to peer 0x80007b7f0 (18 bytes)
1659412387.027050 sending message 105 to peer 0x80007b7f0 (107 bytes)
1659412387.027065 sending message 105 to peer 0x80007b7f0 (34 bytes)
1659412387.027080 sending message 105 to peer 0x80007b7f0 (49 bytes)
1659412387.027095 sending message 105 to peer 0x80007b7f0 (60 bytes)
1659412387.027110 sending message 105 to peer 0x80007b7f0 (21 bytes)
1659412387.027125 sending message 105 to peer 0x80007b7f0 (28 bytes)
1659412387.027140 sending message 105 to peer 0x80007b7f0 (18 bytes)
1659412387.027155 sending message 105 to peer 0x80007b7f0 (23 bytes)
1659412387.027170 sending message 105 to peer 0x80007b7f0 (29 bytes)
1659412387.027185 sending message 105 to peer 0x80007b7f0 (29 bytes)
1659412387.027200 sending message 105 to peer 0x80007b7f0 (33 bytes)
1659412387.027215 sending message 105 to peer 0x80007b7f0 (15 bytes)
1659412387.027230 sending message 105 to peer 0x80007b7f0 (23 bytes)
1659412387.027245 sending message 105 to peer 0x80007b7f0 (29 bytes)
1659412387.027261 sending message 105 to peer 0x80007b7f0 (53 bytes)
1659412387.027276 sending message 105 to peer 0x80007b7f0 (19 bytes)
1659412387.027290 sending message 105 to peer 0x80007b7f0 (42 bytes)
1659412387.027305 sending message 105 to peer 0x80007b7f0 (32 bytes)
1659412387.027320 sending message 105 to peer 0x80007b7f0 (109 bytes)
1659412387.027335 sending message 105 to peer 0x80007b7f0 (22 bytes)
1659412387.027350 sending message 105 to peer 0x80007b7f0 (49 bytes)
1659412387.027365 sending message 105 to peer 0x80007b7f0 (8 bytes)
1659412387.027380 sending message 105 to peer 0x80007b7f0 (15 bytes)
1659412387.027427 sending message 105 to peer 0x80007b7f0 (27 bytes)
1659412387.027446 sending message 105 to peer 0x80007b7f0 (62 bytes)
1659412387.027469 sending message 105 to peer 0x80007b7f0 (22 bytes)
1659412387.027485 sending message 105 to peer 0x80007b7f0 (35 bytes)
1659412387.027500 sending message 105 to peer 0x80007b7f0 (72 bytes)
1659412387.027515 sending message 105 to peer 0x80007b7f0 (38 bytes)
1659412387.027530 sending message 105 to peer 0x80007b7f0 (39 bytes)
1659412387.027545 sending message 105 to peer 0x80007b7f0 (41 bytes)
1659412387.027560 sending message 105 to peer 0x80007b7f0 (20 bytes)
1659412387.027575 sending message 105 to peer 0x80007b7f0 (9 bytes)
1659412387.027590 sending message 105 to peer 0x80007b7f0 (21 bytes)
1659412387.027605 sending message 105 to peer 0x80007b7f0 (18 bytes)
1659412387.027620 sending message 105 to peer 0x80007b7f0 (26 bytes)
1659412387.027635 sending message 105 to peer 0x80007b7f0 (37 bytes)
1659412387.027650 sending message 105 to peer 0x80007b7f0 (24 bytes)
1659412387.027665 sending message 105 to peer 0x80007b7f0 (37 bytes)
1659412387.027680 sending message 105 to peer 0x80007b7f0 (33 bytes)
1659412387.027695 sending message 105 to peer 0x80007b7f0 (36 bytes)
1659412387.027710 sending message 105 to peer 0x80007b7f0 (24 bytes)
1659412387.027725 sending message 105 to peer 0x80007b7f0 (40 bytes)
1659412387.027740 sending message 105 to peer 0x80007b7f0 (12 bytes)
1659412387.027755 sending message 105 to peer 0x80007b7f0 (32 bytes)
1659412387.027770 sending message 105 to peer 0x80007b7f0 (19 bytes)
1659412387.027785 sending message 105 to peer 0x80007b7f0 (23 bytes)
1659412387.027800 sending message 105 to peer 0x80007b7f0 (30 bytes)
1659412387.027815 sending message 105 to peer 0x80007b7f0 (70 bytes)
1659412387.027830 sending message 105 to peer 0x80007b7f0 (36 bytes)
1659412387.027845 sending message 105 to peer 0x80007b7f0 (39 bytes)
1659412387.027860 sending message 105 to peer 0x80007b7f0 (66 bytes)
1659412387.027875 sending message 105 to peer 0x80007b7f0 (21 bytes)
1659412387.027890 sending message 105 to peer 0x80007b7f0 (20 bytes)
1659412387.027905 sending message 105 to peer 0x80007b7f0 (18 bytes)
1659412387.027920 sending message 105 to peer 0x80007b7f0 (13 bytes)
1659412387.027935 sending message 105 to peer 0x80007b7f0 (114 bytes)
1659412387.027950 sending message 105 to peer 0x80007b7f0 (31 bytes)
1659412387.027965 sending message 105 to peer 0x80007b7f0 (27 bytes)
1659412387.027980 sending message 105 to peer 0x80007b7f0 (8 bytes)
1659412387.027995 sending message 105 to peer 0x80007b7f0 (19 bytes)
1659412387.028010 sending message 105 to peer 0x80007b7f0 (30 bytes)
1659412387.028025 sending message 105 to peer 0x80007b7f0 (55 bytes)
1659412387.028040 sending message 105 to peer 0x80007b7f0 (93 bytes)
1659412387.028056 sending message 105 to peer 0x80007b7f0 (96 bytes)
1659412387.028071 sending message 105 to peer 0x80007b7f0 (19 bytes)
1659412387.028086 sending message 105 to peer 0x80007b7f0 (18 bytes)
1659412387.028102 sending message 105 to peer 0x80007b7f0 (31 bytes)
1659412387.028117 sending message 105 to peer 0x80007b7f0 (10 bytes)
1659412387.028132 sending message 105 to peer 0x80007b7f0 (48 bytes)
1659412387.028147 sending message 105 to peer 0x80007b7f0 (50 bytes)
1659412387.028162 sending message 105 to peer 0x80007b7f0 (16 bytes)
1659412387.028177 sending message 105 to peer 0x80007b7f0 (22 bytes)
1659412387.028192 sending message 105 to peer 0x80007b7f0 (20 bytes)
1659412387.028208 sending message 105 to peer 0x80007b7f0 (41 bytes)
1659412387.028223 sending message 105 to peer 0x80007b7f0 (795 bytes)
1659412387.028238 sending message 105 to peer 0x80007b7f0 (27 bytes)
1659412387.028253 sending message 105 to peer 0x80007b7f0 (130 bytes)
1659412387.028268 sending message 105 to peer 0x80007b7f0 (13 bytes)
1659412387.028284 sending message 105 to peer 0x80007b7f0 (64 bytes)
1659412387.028299 sending message 105 to peer 0x80007b7f0 (30 bytes)
1659412387.028314 sending message 105 to peer 0x80007b7f0 (63 bytes)
1659412387.028332 sending message 105 to peer 0x80007b7f0 (22 bytes)
1659412387.028349 sending message 105 to peer 0x80007b7f0 (703 bytes)
1659412387.028364 sending message 105 to peer 0x80007b7f0 (35 bytes)
1659412387.028380 sending message 105 to peer 0x80007b7f0 (37 bytes)
1659412387.028395 sending message 105 to peer 0x80007b7f0 (27 bytes)
1659412387.028410 sending message 105 to peer 0x80007b7f0 (58 bytes)
1659412387.028425 sending message 105 to peer 0x80007b7f0 (123 bytes)
1659412387.028452 sending message 105 to peer 0x80007b7f0 (16 bytes)
1659412387.028468 sending message 106 to peer 0x80007b7f0 (0 bytes)
1659412387.028583 sending message 200 to peer 0x80007b7f0 (4 bytes)
1659412387.028601 client loop enter
1659412387.029745 peer 0x80007b7f0 message 303
1659412387.029768 open write file 2 -
1659412387.029798 sending message 305 to peer 0x80007b7f0 (8 bytes)
1659412387.029958 write check file 2
1659412387.030388 peer 0x80007b7f0 message 304
1659412387.030407 write 58 to file 2
1659412387.030426 peer 0x80007b7f0 message 203
1659412387.030442 file 2 58 bytes left
1659412387.030526 write check file 2
1659412387.030546 client loop exit
